# Logfile created on 2014-02-14 11:12:39 +0000 by logger.rb/44203
I, [2014-02-14T11:12:39.726153 #3045]  INFO -- : 0:  addressable (2.3.5) from /Users/Ayaz/.rvm/gems/ruby-2.1.0/specifications/addressable-2.3.5.gemspec
I, [2014-02-14T11:12:39.726565 #3045]  INFO -- : 0:  bcrypt-ruby (3.1.2) from /Users/Ayaz/.rvm/gems/ruby-2.1.0/specifications/bcrypt-ruby-3.1.2.gemspec
I, [2014-02-14T11:12:39.726870 #3045]  INFO -- : 0:  dm-core (1.2.1) from /Users/Ayaz/.rvm/gems/ruby-2.1.0/specifications/dm-core-1.2.1.gemspec
I, [2014-02-14T11:12:39.727169 #3045]  INFO -- : 0:  dm-aggregates (1.2.0) from /Users/Ayaz/.rvm/gems/ruby-2.1.0/specifications/dm-aggregates-1.2.0.gemspec
I, [2014-02-14T11:12:39.727499 #3045]  INFO -- : 0:  dm-constraints (1.2.0) from /Users/Ayaz/.rvm/gems/ruby-2.1.0/specifications/dm-constraints-1.2.0.gemspec
I, [2014-02-14T11:12:39.727781 #3045]  INFO -- : 0:  dm-migrations (1.2.0) from /Users/Ayaz/.rvm/gems/ruby-2.1.0/specifications/dm-migrations-1.2.0.gemspec
I, [2014-02-14T11:12:39.728077 #3045]  INFO -- : 0:  fastercsv (1.5.5) from /Users/Ayaz/.rvm/gems/ruby-2.1.0/specifications/fastercsv-1.5.5.gemspec
I, [2014-02-14T11:12:39.728353 #3045]  INFO -- : 0:  json (1.8.1) from /Users/Ayaz/.rvm/rubies/ruby-2.1.0/lib/ruby/gems/2.1.0/specifications/default/json-1.8.1.gemspec
I, [2014-02-14T11:12:39.728626 #3045]  INFO -- : 0:  json_pure (1.8.1) from /Users/Ayaz/.rvm/gems/ruby-2.1.0/specifications/json_pure-1.8.1.gemspec
I, [2014-02-14T11:12:39.728902 #3045]  INFO -- : 0:  multi_json (1.8.4) from /Users/Ayaz/.rvm/gems/ruby-2.1.0/specifications/multi_json-1.8.4.gemspec
I, [2014-02-14T11:12:39.729190 #3045]  INFO -- : 0:  dm-serializer (1.2.2) from /Users/Ayaz/.rvm/gems/ruby-2.1.0/specifications/dm-serializer-1.2.2.gemspec
I, [2014-02-14T11:12:39.729522 #3045]  INFO -- : 0:  dm-timestamps (1.2.0) from /Users/Ayaz/.rvm/gems/ruby-2.1.0/specifications/dm-timestamps-1.2.0.gemspec
I, [2014-02-14T11:12:39.729798 #3045]  INFO -- : 0:  dm-transactions (1.2.0) from /Users/Ayaz/.rvm/gems/ruby-2.1.0/specifications/dm-transactions-1.2.0.gemspec
I, [2014-02-14T11:12:39.730071 #3045]  INFO -- : 0:  stringex (1.5.1) from /Users/Ayaz/.rvm/gems/ruby-2.1.0/specifications/stringex-1.5.1.gemspec
I, [2014-02-14T11:12:39.730376 #3045]  INFO -- : 0:  uuidtools (2.1.4) from /Users/Ayaz/.rvm/gems/ruby-2.1.0/specifications/uuidtools-2.1.4.gemspec
I, [2014-02-14T11:12:39.730673 #3045]  INFO -- : 0:  dm-types (1.2.2) from /Users/Ayaz/.rvm/gems/ruby-2.1.0/specifications/dm-types-1.2.2.gemspec
I, [2014-02-14T11:12:39.730936 #3045]  INFO -- : 0:  dm-validations (1.2.0) from /Users/Ayaz/.rvm/gems/ruby-2.1.0/specifications/dm-validations-1.2.0.gemspec
I, [2014-02-14T11:12:39.731212 #3045]  INFO -- : 0:  data_mapper (1.2.0) from /Users/Ayaz/.rvm/gems/ruby-2.1.0/specifications/data_mapper-1.2.0.gemspec
I, [2014-02-14T11:12:42.158953 #3045]  INFO -- : 0:  data_objects (0.10.14) from /Users/Ayaz/.rvm/gems/ruby-2.1.0/specifications/data_objects-0.10.14.gemspec
I, [2014-02-14T11:12:42.159666 #3045]  INFO -- : 0:  dm-do-adapter (1.2.0) from /Users/Ayaz/.rvm/gems/ruby-2.1.0/specifications/dm-do-adapter-1.2.0.gemspec
I, [2014-02-14T11:12:51.200238 #3045]  INFO -- : 0:  do_postgres (0.10.14) from /Users/Ayaz/.rvm/gems/ruby-2.1.0/specifications/do_postgres-0.10.14.gemspec
I, [2014-02-14T11:12:51.201181 #3045]  INFO -- : 0:  dm-postgres-adapter (1.2.0) from /Users/Ayaz/.rvm/gems/ruby-2.1.0/specifications/dm-postgres-adapter-1.2.0.gemspec
I, [2014-02-14T11:12:51.201866 #3045]  INFO -- : 0:  rack (1.5.2) from /Users/Ayaz/.rvm/gems/ruby-2.1.0/specifications/rack-1.5.2.gemspec
I, [2014-02-14T11:12:51.202589 #3045]  INFO -- : 0:  rack-protection (1.5.2) from /Users/Ayaz/.rvm/gems/ruby-2.1.0/specifications/rack-protection-1.5.2.gemspec
I, [2014-02-14T11:12:51.203124 #3045]  INFO -- : 0:  tilt (1.4.1) from /Users/Ayaz/.rvm/gems/ruby-2.1.0/specifications/tilt-1.4.1.gemspec
I, [2014-02-14T11:12:51.203632 #3045]  INFO -- : 0:  sinatra (1.4.4) from /Users/Ayaz/.rvm/gems/ruby-2.1.0/specifications/sinatra-1.4.4.gemspec
I, [2014-02-14T11:12:51.204068 #3045]  INFO -- : 0:  bundler (1.5.1) from /Users/Ayaz/.rvm/gems/ruby-2.1.0/specifications/bundler-1.5.1.gemspec
